<?xml version="1.0" encoding="UTF-8"?>
<!-- Generated by org.testng.reporters.JUnitReportReporter -->
<testsuite hostname="AR2023" failures="0" tests="6" name="MavenProject.Test05" time="0.015" errors="0" timestamp="2023-04-26T22:01:02 PDT" skipped="0">
  <testcase classname="MavenProject.Test05" name="testcase1" time="0.008"/>
  <system-out/>
  <testcase classname="MavenProject.Test05" name="testcase5" time="0.002"/>
  <system-out/>
  <testcase classname="MavenProject.Test05" name="testcase6" time="0.001"/>
  <system-out/>
  <testcase classname="MavenProject.Test05" name="testcase2" time="0.001"/>
  <system-out/>
  <testcase classname="MavenProject.Test05" name="testcase3" time="0.002"/>
  <system-out/>
  <testcase classname="MavenProject.Test05" name="testcase4" time="0.001"/>
  <system-out/>
</testsuite> <!-- MavenProject.Test05 -->
