<?xml version="1.0" encoding="UTF-8"?>
<!-- Generated by org.testng.reporters.JUnitReportReporter -->
<testsuite hostname="AR2023" failures="0" tests="1" name="MavenProject.Test3" time="0.006" errors="0" timestamp="2023-04-26T21:52:51 PDT" skipped="0">
  <testcase classname="MavenProject.Test3" name="testcase1" time="0.006"/>
  <system-out/>
</testsuite> <!-- MavenProject.Test3 -->
