<?xml version="1.0" encoding="UTF-8"?>
<!-- Generated by org.testng.reporters.JUnitReportReporter -->
<testsuite hostname="AR2023" failures="0" tests="4" name="MavenProject.Test04" time="0.014" errors="0" timestamp="2023-04-26T21:57:29 PDT" skipped="0">
  <testcase classname="MavenProject.Test04" name="Delta" time="0.011"/>
  <system-out/>
  <testcase classname="MavenProject.Test04" name="Gamma" time="0.001"/>
  <system-out/>
  <testcase classname="MavenProject.Test04" name="Beta" time="0.001"/>
  <system-out/>
  <testcase classname="MavenProject.Test04" name="Alpha" time="0.001"/>
  <system-out/>
</testsuite> <!-- MavenProject.Test04 -->
