<?xml version="1.0" encoding="UTF-8"?>
<!-- Generated by org.testng.reporters.JUnitReportReporter -->
<testsuite hostname="AR2023" failures="0" tests="2" name="MavenProject.Test01" time="0.012" errors="0" timestamp="2023-04-26T21:47:31 PDT" skipped="0">
  <testcase classname="MavenProject.Test01" name="loginTest" time="0.011"/>
  <system-out/>
  <testcase classname="MavenProject.Test01" name="logoutTest" time="0.001"/>
  <system-out/>
</testsuite> <!-- MavenProject.Test01 -->
