<?xml version="1.0" encoding="UTF-8"?>
<!-- Generated by org.testng.reporters.JUnitReportReporter -->
<testsuite hostname="AR2023" failures="0" tests="2" name="MavenProject.Test02" time="0.015" errors="0" timestamp="2023-04-26T21:50:50 PDT" skipped="0">
  <testcase classname="MavenProject.Test02" name="loginTest1" time="0.012"/>
  <system-out/>
  <testcase classname="MavenProject.Test02" name="loginTest2" time="0.003"/>
  <system-out/>
</testsuite> <!-- MavenProject.Test02 -->
